2021-02-05 10:54:10,294 INFO  [Log] **************************************************************************************** 
2021-02-05 10:54:10,294 INFO  [Log] $$$$$$$$$$$$$$$$$$$$$$$$$$$$$$$$$$$$$$$$$$                 Login with correct username and password       $$$$$$$$$$$$$$$$$$$$$$$$$$$$$$$$$$$$$$$$$$ 
2021-02-05 10:54:10,294 INFO  [Log] **************************************************************************************** 
2021-02-05 10:54:28,244 INFO  [Log] AFTER scenario is started 
2021-02-05 10:54:28,244 INFO  [Log] Test scenario is in status passed 
2021-02-05 10:54:28,244 INFO  [Log] ============= 
2021-02-05 10:56:04,729 INFO  [Log] **************************************************************************************** 
2021-02-05 10:56:04,729 INFO  [Log] $$$$$$$$$$$$$$$$$$$$$$$$$$$$$$$$$$$$$$$$$$                 Login with correct username and password       $$$$$$$$$$$$$$$$$$$$$$$$$$$$$$$$$$$$$$$$$$ 
2021-02-05 10:56:04,729 INFO  [Log] **************************************************************************************** 
2021-02-05 10:56:22,798 INFO  [Log] AFTER scenario is started 
2021-02-05 10:56:22,798 INFO  [Log] Test scenario is in status passed 
2021-02-05 10:56:22,798 INFO  [Log] ============= 
2021-02-05 10:58:33,492 INFO  [Log] **************************************************************************************** 
2021-02-05 10:58:33,492 INFO  [Log] $$$$$$$$$$$$$$$$$$$$$$$$$$$$$$$$$$$$$$$$$$                 Login with correct username and password       $$$$$$$$$$$$$$$$$$$$$$$$$$$$$$$$$$$$$$$$$$ 
2021-02-05 10:58:33,492 INFO  [Log] **************************************************************************************** 
2021-02-05 10:58:56,346 INFO  [Log] AFTER scenario is started 
2021-02-05 10:58:56,346 INFO  [Log] Test scenario is in status passed 
2021-02-05 10:58:56,346 INFO  [Log] ============= 
2021-02-06 09:59:47,230 INFO  [Log] **************************************************************************************** 
2021-02-06 09:59:47,231 INFO  [Log] $$$$$$$$$$$$$$$$$$$$$$$$$$$$$$$$$$$$$$$$$$                 Login with correct username and password       $$$$$$$$$$$$$$$$$$$$$$$$$$$$$$$$$$$$$$$$$$ 
2021-02-06 09:59:47,231 INFO  [Log] **************************************************************************************** 
2021-02-06 10:00:07,836 INFO  [Log] AFTER scenario is started 
2021-02-06 10:00:07,836 INFO  [Log] Test scenario is in status failed 
2021-02-06 10:00:07,836 INFO  [Log] ============= 
2021-02-06 10:14:32,941 INFO  [Log] **************************************************************************************** 
2021-02-06 10:14:32,942 INFO  [Log] $$$$$$$$$$$$$$$$$$$$$$$$$$$$$$$$$$$$$$$$$$                 Login with correct username and password       $$$$$$$$$$$$$$$$$$$$$$$$$$$$$$$$$$$$$$$$$$ 
2021-02-06 10:14:32,942 INFO  [Log] **************************************************************************************** 
2021-02-06 10:14:57,916 INFO  [Log] AFTER scenario is started 
2021-02-06 10:14:57,916 INFO  [Log] Test scenario is in status failed 
2021-02-06 10:14:57,916 INFO  [Log] ============= 
2021-02-06 10:15:40,971 INFO  [Log] **************************************************************************************** 
2021-02-06 10:15:40,972 INFO  [Log] $$$$$$$$$$$$$$$$$$$$$$$$$$$$$$$$$$$$$$$$$$                 Login with correct username and password       $$$$$$$$$$$$$$$$$$$$$$$$$$$$$$$$$$$$$$$$$$ 
2021-02-06 10:15:40,972 INFO  [Log] **************************************************************************************** 
2021-02-06 10:16:04,296 INFO  [Log] AFTER scenario is started 
2021-02-06 10:16:04,296 INFO  [Log] Test scenario is in status failed 
2021-02-06 10:16:04,296 INFO  [Log] ============= 
2021-02-06 10:16:36,253 INFO  [Log] **************************************************************************************** 
2021-02-06 10:16:36,254 INFO  [Log] $$$$$$$$$$$$$$$$$$$$$$$$$$$$$$$$$$$$$$$$$$                 Login with correct username and password       $$$$$$$$$$$$$$$$$$$$$$$$$$$$$$$$$$$$$$$$$$ 
2021-02-06 10:16:36,254 INFO  [Log] **************************************************************************************** 
2021-02-06 10:18:55,596 INFO  [Log] **************************************************************************************** 
2021-02-06 10:18:55,597 INFO  [Log] $$$$$$$$$$$$$$$$$$$$$$$$$$$$$$$$$$$$$$$$$$                 Login with correct username and password       $$$$$$$$$$$$$$$$$$$$$$$$$$$$$$$$$$$$$$$$$$ 
2021-02-06 10:18:55,597 INFO  [Log] **************************************************************************************** 
2021-02-06 10:19:32,641 INFO  [Log] AFTER scenario is started 
2021-02-06 10:19:32,642 INFO  [Log] Test scenario is in status failed 
2021-02-06 10:19:32,642 INFO  [Log] ============= 
2021-02-06 10:29:00,275 INFO  [Log] **************************************************************************************** 
2021-02-06 10:29:00,277 INFO  [Log] $$$$$$$$$$$$$$$$$$$$$$$$$$$$$$$$$$$$$$$$$$                 Login with correct username and password       $$$$$$$$$$$$$$$$$$$$$$$$$$$$$$$$$$$$$$$$$$ 
2021-02-06 10:29:00,278 INFO  [Log] **************************************************************************************** 
2021-02-06 10:29:37,502 INFO  [Log] AFTER scenario is started 
2021-02-06 10:29:37,502 INFO  [Log] Test scenario is in status failed 
2021-02-06 10:29:37,502 INFO  [Log] ============= 
2021-02-06 10:30:07,814 INFO  [Log] **************************************************************************************** 
2021-02-06 10:30:07,814 INFO  [Log] $$$$$$$$$$$$$$$$$$$$$$$$$$$$$$$$$$$$$$$$$$                 Login with correct username and password       $$$$$$$$$$$$$$$$$$$$$$$$$$$$$$$$$$$$$$$$$$ 
2021-02-06 10:30:07,814 INFO  [Log] **************************************************************************************** 
2021-02-06 10:30:49,140 INFO  [Log] AFTER scenario is started 
2021-02-06 10:30:49,140 INFO  [Log] Test scenario is in status failed 
2021-02-06 10:30:49,141 INFO  [Log] ============= 
2021-02-06 10:36:14,097 INFO  [Log] **************************************************************************************** 
2021-02-06 10:36:14,097 INFO  [Log] $$$$$$$$$$$$$$$$$$$$$$$$$$$$$$$$$$$$$$$$$$                 Login with incorrect username and password       $$$$$$$$$$$$$$$$$$$$$$$$$$$$$$$$$$$$$$$$$$ 
2021-02-06 10:36:14,098 INFO  [Log] **************************************************************************************** 
2021-02-06 10:36:51,401 INFO  [Log] AFTER scenario is started 
2021-02-06 10:36:51,401 INFO  [Log] Test scenario is in status passed 
2021-02-06 10:36:51,401 INFO  [Log] ============= 
2021-02-06 10:44:40,984 INFO  [Log] **************************************************************************************** 
2021-02-06 10:44:40,984 INFO  [Log] $$$$$$$$$$$$$$$$$$$$$$$$$$$$$$$$$$$$$$$$$$                 Login with incorrect username and password       $$$$$$$$$$$$$$$$$$$$$$$$$$$$$$$$$$$$$$$$$$ 
2021-02-06 10:44:40,984 INFO  [Log] **************************************************************************************** 
2021-02-06 10:45:30,536 INFO  [Log] AFTER scenario is started 
2021-02-06 10:45:30,536 INFO  [Log] Test scenario is in status passed 
2021-02-06 10:45:30,536 INFO  [Log] ============= 
2021-02-06 10:48:01,053 INFO  [Log] **************************************************************************************** 
2021-02-06 10:48:01,054 INFO  [Log] $$$$$$$$$$$$$$$$$$$$$$$$$$$$$$$$$$$$$$$$$$                 Login with empty username and password       $$$$$$$$$$$$$$$$$$$$$$$$$$$$$$$$$$$$$$$$$$ 
2021-02-06 10:48:01,054 INFO  [Log] **************************************************************************************** 
2021-02-06 10:48:48,556 INFO  [Log] AFTER scenario is started 
2021-02-06 10:48:48,557 INFO  [Log] Test scenario is in status failed 
2021-02-06 10:48:48,557 INFO  [Log] ============= 
2021-02-06 11:08:23,740 INFO  [Log] **************************************************************************************** 
2021-02-06 11:08:23,741 INFO  [Log] $$$$$$$$$$$$$$$$$$$$$$$$$$$$$$$$$$$$$$$$$$                 Login with correct email and password       $$$$$$$$$$$$$$$$$$$$$$$$$$$$$$$$$$$$$$$$$$ 
2021-02-06 11:08:23,741 INFO  [Log] **************************************************************************************** 
2021-02-06 11:09:05,694 INFO  [Log] AFTER scenario is started 
2021-02-06 11:09:05,695 INFO  [Log] Test scenario is in status passed 
2021-02-06 11:09:05,695 INFO  [Log] ============= 
2021-02-06 11:09:06,578 INFO  [Log] **************************************************************************************** 
2021-02-06 11:09:06,578 INFO  [Log] $$$$$$$$$$$$$$$$$$$$$$$$$$$$$$$$$$$$$$$$$$                 Login with incorrect email and password       $$$$$$$$$$$$$$$$$$$$$$$$$$$$$$$$$$$$$$$$$$ 
2021-02-06 11:09:06,578 INFO  [Log] **************************************************************************************** 
2021-02-06 11:09:57,279 INFO  [Log] AFTER scenario is started 
2021-02-06 11:09:57,280 INFO  [Log] Test scenario is in status failed 
2021-02-06 11:09:57,280 INFO  [Log] ============= 
2021-02-06 11:09:58,179 INFO  [Log] **************************************************************************************** 
2021-02-06 11:09:58,179 INFO  [Log] $$$$$$$$$$$$$$$$$$$$$$$$$$$$$$$$$$$$$$$$$$                 Login with empty username and password       $$$$$$$$$$$$$$$$$$$$$$$$$$$$$$$$$$$$$$$$$$ 
2021-02-06 11:09:58,179 INFO  [Log] **************************************************************************************** 
2021-02-06 11:10:40,785 INFO  [Log] AFTER scenario is started 
2021-02-06 11:10:40,785 INFO  [Log] Test scenario is in status failed 
2021-02-06 11:10:40,785 INFO  [Log] ============= 
2021-02-06 11:12:45,293 INFO  [Log] **************************************************************************************** 
2021-02-06 11:12:45,294 INFO  [Log] $$$$$$$$$$$$$$$$$$$$$$$$$$$$$$$$$$$$$$$$$$                 Login with empty username and password       $$$$$$$$$$$$$$$$$$$$$$$$$$$$$$$$$$$$$$$$$$ 
2021-02-06 11:12:45,294 INFO  [Log] **************************************************************************************** 
2021-02-06 11:12:59,201 INFO  [Log] **************************************************************************************** 
2021-02-06 11:12:59,202 INFO  [Log] $$$$$$$$$$$$$$$$$$$$$$$$$$$$$$$$$$$$$$$$$$                 Login with empty username and password       $$$$$$$$$$$$$$$$$$$$$$$$$$$$$$$$$$$$$$$$$$ 
2021-02-06 11:12:59,202 INFO  [Log] **************************************************************************************** 
2021-02-06 11:13:31,262 INFO  [Log] AFTER scenario is started 
2021-02-06 11:13:31,262 INFO  [Log] Test scenario is in status passed 
2021-02-06 11:13:31,263 INFO  [Log] ============= 
2021-02-06 11:13:39,199 INFO  [Log] **************************************************************************************** 
2021-02-06 11:13:39,200 INFO  [Log] $$$$$$$$$$$$$$$$$$$$$$$$$$$$$$$$$$$$$$$$$$                 Login with incorrect email and password       $$$$$$$$$$$$$$$$$$$$$$$$$$$$$$$$$$$$$$$$$$ 
2021-02-06 11:13:39,200 INFO  [Log] **************************************************************************************** 
2021-02-06 11:13:56,214 INFO  [Log] **************************************************************************************** 
2021-02-06 11:13:56,214 INFO  [Log] $$$$$$$$$$$$$$$$$$$$$$$$$$$$$$$$$$$$$$$$$$                 Login with incorrect email and password       $$$$$$$$$$$$$$$$$$$$$$$$$$$$$$$$$$$$$$$$$$ 
2021-02-06 11:13:56,214 INFO  [Log] **************************************************************************************** 
2021-02-06 11:14:40,624 INFO  [Log] AFTER scenario is started 
2021-02-06 11:14:40,624 INFO  [Log] Test scenario is in status passed 
2021-02-06 11:14:40,624 INFO  [Log] ============= 
2021-02-06 11:15:00,371 INFO  [Log] **************************************************************************************** 
2021-02-06 11:15:00,372 INFO  [Log] $$$$$$$$$$$$$$$$$$$$$$$$$$$$$$$$$$$$$$$$$$                 Login with incorrect email and password       $$$$$$$$$$$$$$$$$$$$$$$$$$$$$$$$$$$$$$$$$$ 
2021-02-06 11:15:00,372 INFO  [Log] **************************************************************************************** 
2021-02-06 11:16:20,009 INFO  [Log] **************************************************************************************** 
2021-02-06 11:16:20,010 INFO  [Log] $$$$$$$$$$$$$$$$$$$$$$$$$$$$$$$$$$$$$$$$$$                 Login with incorrect email and password       $$$$$$$$$$$$$$$$$$$$$$$$$$$$$$$$$$$$$$$$$$ 
2021-02-06 11:16:20,010 INFO  [Log] **************************************************************************************** 
2021-02-06 11:17:20,477 INFO  [Log] AFTER scenario is started 
2021-02-06 11:17:20,478 INFO  [Log] Test scenario is in status passed 
2021-02-06 11:17:20,478 INFO  [Log] ============= 
2021-02-06 11:18:15,817 INFO  [Log] **************************************************************************************** 
2021-02-06 11:18:15,818 INFO  [Log] $$$$$$$$$$$$$$$$$$$$$$$$$$$$$$$$$$$$$$$$$$                 Login with incorrect email and password       $$$$$$$$$$$$$$$$$$$$$$$$$$$$$$$$$$$$$$$$$$ 
2021-02-06 11:18:15,818 INFO  [Log] **************************************************************************************** 
2021-02-06 11:19:19,862 INFO  [Log] AFTER scenario is started 
2021-02-06 11:19:19,863 INFO  [Log] Test scenario is in status passed 
2021-02-06 11:19:19,863 INFO  [Log] ============= 
2021-02-06 11:20:31,278 INFO  [Log] **************************************************************************************** 
2021-02-06 11:20:31,280 INFO  [Log] $$$$$$$$$$$$$$$$$$$$$$$$$$$$$$$$$$$$$$$$$$                 Login with incorrect email and password       $$$$$$$$$$$$$$$$$$$$$$$$$$$$$$$$$$$$$$$$$$ 
2021-02-06 11:20:31,280 INFO  [Log] **************************************************************************************** 
2021-02-06 11:21:35,210 INFO  [Log] AFTER scenario is started 
2021-02-06 11:21:35,211 INFO  [Log] Test scenario is in status failed 
2021-02-06 11:21:35,211 INFO  [Log] ============= 
2021-02-06 11:23:28,500 INFO  [Log] **************************************************************************************** 
2021-02-06 11:23:28,500 INFO  [Log] $$$$$$$$$$$$$$$$$$$$$$$$$$$$$$$$$$$$$$$$$$                 Login with incorrect email and password       $$$$$$$$$$$$$$$$$$$$$$$$$$$$$$$$$$$$$$$$$$ 
2021-02-06 11:23:28,500 INFO  [Log] **************************************************************************************** 
2021-02-06 11:23:55,042 INFO  [Log] Clicked on Login Button 
2021-02-06 11:23:58,714 INFO  [Log] Entered Email 
2021-02-06 11:24:02,347 INFO  [Log] Entered Password 
2021-02-06 11:24:05,953 INFO  [Log] Clicked on submit button 
2021-02-06 11:24:08,528 INFO  [Log] Refreshed the Page 
2021-02-06 11:24:12,092 INFO  [Log] Entered Email 
2021-02-06 11:24:15,671 INFO  [Log] Entered Password 
2021-02-06 11:24:19,184 INFO  [Log] Clicked on submit button 
2021-02-06 11:24:32,801 INFO  [Log] Received Error Message 
2021-02-06 11:24:32,804 INFO  [Log] AFTER scenario is started 
2021-02-06 11:24:32,805 INFO  [Log] Test scenario is in status passed 
2021-02-06 11:24:32,805 INFO  [Log] ============= 
2021-02-06 11:25:25,191 INFO  [Log] **************************************************************************************** 
2021-02-06 11:25:25,191 INFO  [Log] $$$$$$$$$$$$$$$$$$$$$$$$$$$$$$$$$$$$$$$$$$                 Login with correct email and password       $$$$$$$$$$$$$$$$$$$$$$$$$$$$$$$$$$$$$$$$$$ 
2021-02-06 11:25:25,192 INFO  [Log] **************************************************************************************** 
2021-02-06 11:25:51,580 INFO  [Log] Clicked on Login Button 
2021-02-06 11:25:55,235 INFO  [Log] Entered Email 
2021-02-06 11:25:58,834 INFO  [Log] Entered Password 
2021-02-06 11:26:02,420 INFO  [Log] Clicked on submit button 
2021-02-06 11:26:07,857 INFO  [Log] AFTER scenario is started 
2021-02-06 11:26:07,857 INFO  [Log] Test scenario is in status passed 
2021-02-06 11:26:07,857 INFO  [Log] ============= 
2021-02-06 11:26:08,674 INFO  [Log] **************************************************************************************** 
2021-02-06 11:26:08,676 INFO  [Log] $$$$$$$$$$$$$$$$$$$$$$$$$$$$$$$$$$$$$$$$$$                 Login with incorrect email and password       $$$$$$$$$$$$$$$$$$$$$$$$$$$$$$$$$$$$$$$$$$ 
2021-02-06 11:26:08,676 INFO  [Log] **************************************************************************************** 
2021-02-06 11:26:32,884 INFO  [Log] Clicked on Login Button 
2021-02-06 11:26:36,500 INFO  [Log] Entered Email 
2021-02-06 11:26:40,096 INFO  [Log] Entered Password 
2021-02-06 11:26:43,751 INFO  [Log] Clicked on submit button 
2021-02-06 11:26:46,287 INFO  [Log] Refreshed the Page 
2021-02-06 11:26:49,853 INFO  [Log] Entered Email 
2021-02-06 11:26:53,405 INFO  [Log] Entered Password 
2021-02-06 11:26:56,869 INFO  [Log] Clicked on submit button 
2021-02-06 11:27:10,537 INFO  [Log] Received Error Message 
2021-02-06 11:27:10,540 INFO  [Log] AFTER scenario is started 
2021-02-06 11:27:10,540 INFO  [Log] Test scenario is in status passed 
2021-02-06 11:27:10,540 INFO  [Log] ============= 
2021-02-06 11:27:11,378 INFO  [Log] **************************************************************************************** 
2021-02-06 11:27:11,378 INFO  [Log] $$$$$$$$$$$$$$$$$$$$$$$$$$$$$$$$$$$$$$$$$$                 Login with empty username and password       $$$$$$$$$$$$$$$$$$$$$$$$$$$$$$$$$$$$$$$$$$ 
2021-02-06 11:27:11,378 INFO  [Log] **************************************************************************************** 
2021-02-06 11:27:35,185 INFO  [Log] Clicked on Login Button 
2021-02-06 11:27:38,710 INFO  [Log] Clicked on submit button 
2021-02-06 11:27:40,721 INFO  [Log] AFTER scenario is started 
2021-02-06 11:27:40,721 INFO  [Log] Test scenario is in status passed 
2021-02-06 11:27:40,721 INFO  [Log] ============= 
2021-02-06 11:48:59,403 INFO  [Log] **************************************************************************************** 
2021-02-06 11:48:59,404 INFO  [Log] $$$$$$$$$$$$$$$$$$$$$$$$$$$$$$$$$$$$$$$$$$                 Login with incorrect email and password       $$$$$$$$$$$$$$$$$$$$$$$$$$$$$$$$$$$$$$$$$$ 
2021-02-06 11:48:59,404 INFO  [Log] **************************************************************************************** 
2021-02-06 11:49:25,877 INFO  [Log] Clicked on Login Button 
2021-02-06 11:49:29,497 INFO  [Log] Entered Email 
2021-02-06 11:49:33,138 INFO  [Log] Entered Password 
2021-02-06 11:49:36,758 INFO  [Log] Clicked on submit button 
2021-02-06 11:49:39,502 INFO  [Log] Refreshed the Page 
2021-02-06 11:49:43,120 INFO  [Log] Entered Email 
2021-02-06 11:49:46,671 INFO  [Log] Entered Password 
2021-02-06 11:49:50,114 INFO  [Log] Clicked on submit button 
2021-02-06 11:50:03,689 INFO  [Log] AFTER scenario is started 
2021-02-06 11:50:03,690 INFO  [Log] Test scenario is in status failed 
2021-02-06 11:50:03,690 INFO  [Log] ============= 
2021-02-06 12:32:20,560 INFO  [Log] **************************************************************************************** 
2021-02-06 12:32:20,560 INFO  [Log] $$$$$$$$$$$$$$$$$$$$$$$$$$$$$$$$$$$$$$$$$$                 Create new correct gallery       $$$$$$$$$$$$$$$$$$$$$$$$$$$$$$$$$$$$$$$$$$ 
2021-02-06 12:32:20,561 INFO  [Log] **************************************************************************************** 
2021-02-06 12:32:49,114 INFO  [Log] Clicked on Login Button 
2021-02-06 12:32:52,783 INFO  [Log] Entered Email 
2021-02-06 12:32:56,349 INFO  [Log] Entered Password 
2021-02-06 12:32:59,937 INFO  [Log] Clicked on submit button 
2021-02-06 12:33:19,979 INFO  [Log] Clicked on submit button 
2021-02-06 12:33:21,995 INFO  [Log] AFTER scenario is started 
2021-02-06 12:33:21,996 INFO  [Log] Test scenario is in status passed 
2021-02-06 12:33:21,996 INFO  [Log] ============= 
2021-02-06 12:52:24,519 INFO  [Log] **************************************************************************************** 
2021-02-06 12:52:24,520 INFO  [Log] $$$$$$$$$$$$$$$$$$$$$$$$$$$$$$$$$$$$$$$$$$                 Create new correct gallery       $$$$$$$$$$$$$$$$$$$$$$$$$$$$$$$$$$$$$$$$$$ 
2021-02-06 12:52:24,520 INFO  [Log] **************************************************************************************** 
2021-02-06 12:52:52,808 INFO  [Log] Clicked on Login Button 
2021-02-06 12:52:56,487 INFO  [Log] Entered Email 
2021-02-06 12:53:00,081 INFO  [Log] Entered Password 
2021-02-06 12:53:03,701 INFO  [Log] Clicked on submit button 
2021-02-06 12:53:23,638 INFO  [Log] Clicked on submit button 
2021-02-06 12:55:55,216 INFO  [Log] **************************************************************************************** 
2021-02-06 12:55:55,216 INFO  [Log] $$$$$$$$$$$$$$$$$$$$$$$$$$$$$$$$$$$$$$$$$$                 Create new correct gallery       $$$$$$$$$$$$$$$$$$$$$$$$$$$$$$$$$$$$$$$$$$ 
2021-02-06 12:55:55,217 INFO  [Log] **************************************************************************************** 
2021-02-06 12:56:21,684 INFO  [Log] Clicked on Login Button 
2021-02-06 12:56:25,260 INFO  [Log] Entered Email 
2021-02-06 12:56:28,964 INFO  [Log] Entered Password 
2021-02-06 12:56:32,629 INFO  [Log] Clicked on submit button 
2021-02-06 12:56:52,367 INFO  [Log] Clicked on submit button 
2021-02-06 13:05:29,445 INFO  [Log] **************************************************************************************** 
2021-02-06 13:05:29,446 INFO  [Log] $$$$$$$$$$$$$$$$$$$$$$$$$$$$$$$$$$$$$$$$$$                 Create new incorrect gallery with missing image       $$$$$$$$$$$$$$$$$$$$$$$$$$$$$$$$$$$$$$$$$$ 
2021-02-06 13:05:29,446 INFO  [Log] **************************************************************************************** 
2021-02-06 13:05:55,791 INFO  [Log] Clicked on Login Button 
2021-02-06 13:05:59,370 INFO  [Log] Entered Email 
2021-02-06 13:06:02,906 INFO  [Log] Entered Password 
2021-02-06 13:06:06,344 INFO  [Log] Clicked on submit button 
2021-02-06 13:06:11,970 INFO  [Log] Clicked on Create Gallery 
2021-02-06 13:06:15,482 INFO  [Log] Entered Title for Gallery 
2021-02-06 13:06:19,059 INFO  [Log] Entered Description for Gallery 
2021-02-06 13:06:22,719 INFO  [Log] Entered URL of image for Gallery 
2021-02-06 13:06:26,198 INFO  [Log] Clicked on submit button 
2021-02-06 13:06:28,214 INFO  [Log] AFTER scenario is started 
2021-02-06 13:06:28,214 INFO  [Log] Test scenario is in status passed 
2021-02-06 13:06:28,214 INFO  [Log] ============= 
2021-02-06 13:23:59,507 INFO  [Log] **************************************************************************************** 
2021-02-06 13:23:59,508 INFO  [Log] $$$$$$$$$$$$$$$$$$$$$$$$$$$$$$$$$$$$$$$$$$                 Find the gallery just created       $$$$$$$$$$$$$$$$$$$$$$$$$$$$$$$$$$$$$$$$$$ 
2021-02-06 13:23:59,508 INFO  [Log] **************************************************************************************** 
2021-02-06 13:24:26,358 INFO  [Log] Clicked on Login Button 
2021-02-06 13:24:30,014 INFO  [Log] Entered Email 
2021-02-06 13:24:33,606 INFO  [Log] Entered Password 
2021-02-06 13:24:37,210 INFO  [Log] Clicked on submit button 
2021-02-06 13:24:42,716 INFO  [Log] Clicked on My Gallery button 
2021-02-06 13:24:46,239 INFO  [Log] AFTER scenario is started 
2021-02-06 13:24:46,239 INFO  [Log] Test scenario is in status failed 
2021-02-06 13:24:46,239 INFO  [Log] ============= 
2021-02-06 13:26:09,131 INFO  [Log] **************************************************************************************** 
2021-02-06 13:26:09,131 INFO  [Log] $$$$$$$$$$$$$$$$$$$$$$$$$$$$$$$$$$$$$$$$$$                 Find the gallery just created       $$$$$$$$$$$$$$$$$$$$$$$$$$$$$$$$$$$$$$$$$$ 
2021-02-06 13:26:09,131 INFO  [Log] **************************************************************************************** 
2021-02-06 13:26:35,801 INFO  [Log] Clicked on Login Button 
2021-02-06 13:26:39,376 INFO  [Log] Entered Email 
2021-02-06 13:26:42,929 INFO  [Log] Entered Password 
2021-02-06 13:26:46,480 INFO  [Log] Clicked on submit button 
2021-02-06 13:26:52,014 INFO  [Log] Clicked on My Gallery button 
2021-02-06 13:26:55,566 INFO  [Log] AFTER scenario is started 
2021-02-06 13:26:55,566 INFO  [Log] Test scenario is in status failed 
2021-02-06 13:26:55,566 INFO  [Log] ============= 
2021-02-06 13:30:29,593 INFO  [Log] **************************************************************************************** 
2021-02-06 13:30:29,593 INFO  [Log] $$$$$$$$$$$$$$$$$$$$$$$$$$$$$$$$$$$$$$$$$$                 Find the gallery just created       $$$$$$$$$$$$$$$$$$$$$$$$$$$$$$$$$$$$$$$$$$ 
2021-02-06 13:30:29,593 INFO  [Log] **************************************************************************************** 
2021-02-06 13:30:56,142 INFO  [Log] Clicked on Login Button 
2021-02-06 13:30:59,805 INFO  [Log] Entered Email 
2021-02-06 13:31:03,409 INFO  [Log] Entered Password 
2021-02-06 13:31:06,935 INFO  [Log] Clicked on submit button 
2021-02-06 13:31:12,529 INFO  [Log] Clicked on My Gallery button 
2021-02-06 13:31:16,019 INFO  [Log] AFTER scenario is started 
2021-02-06 13:31:16,019 INFO  [Log] Test scenario is in status failed 
2021-02-06 13:31:16,019 INFO  [Log] ============= 
2021-02-06 13:35:03,570 INFO  [Log] **************************************************************************************** 
2021-02-06 13:35:03,570 INFO  [Log] $$$$$$$$$$$$$$$$$$$$$$$$$$$$$$$$$$$$$$$$$$                 Find the gallery just created       $$$$$$$$$$$$$$$$$$$$$$$$$$$$$$$$$$$$$$$$$$ 
2021-02-06 13:35:03,570 INFO  [Log] **************************************************************************************** 
2021-02-06 13:35:32,406 INFO  [Log] Clicked on Login Button 
2021-02-06 13:35:35,984 INFO  [Log] Entered Email 
2021-02-06 13:35:39,586 INFO  [Log] Entered Password 
2021-02-06 13:35:43,218 INFO  [Log] Clicked on submit button 
2021-02-06 13:35:48,807 INFO  [Log] Clicked on My Gallery button 
2021-02-06 13:35:52,324 INFO  [Log] AFTER scenario is started 
2021-02-06 13:35:52,325 INFO  [Log] Test scenario is in status failed 
2021-02-06 13:35:52,325 INFO  [Log] ============= 
2021-02-06 13:44:06,411 INFO  [Log] **************************************************************************************** 
2021-02-06 13:44:06,412 INFO  [Log] $$$$$$$$$$$$$$$$$$$$$$$$$$$$$$$$$$$$$$$$$$                 Find the gallery just created       $$$$$$$$$$$$$$$$$$$$$$$$$$$$$$$$$$$$$$$$$$ 
2021-02-06 13:44:06,412 INFO  [Log] **************************************************************************************** 
2021-02-06 13:44:33,096 INFO  [Log] Clicked on Login Button 
2021-02-06 13:44:36,714 INFO  [Log] Entered Email 
2021-02-06 13:44:40,259 INFO  [Log] Entered Password 
2021-02-06 13:44:43,875 INFO  [Log] Clicked on submit button 
2021-02-06 13:44:49,343 INFO  [Log] Clicked on My Gallery button 
2021-02-06 13:44:52,946 INFO  [Log] AFTER scenario is started 
2021-02-06 13:44:52,946 INFO  [Log] Test scenario is in status failed 
2021-02-06 13:44:52,946 INFO  [Log] ============= 
2021-02-06 13:46:17,286 INFO  [Log] **************************************************************************************** 
2021-02-06 13:46:17,286 INFO  [Log] $$$$$$$$$$$$$$$$$$$$$$$$$$$$$$$$$$$$$$$$$$                 Find the gallery just created       $$$$$$$$$$$$$$$$$$$$$$$$$$$$$$$$$$$$$$$$$$ 
2021-02-06 13:46:17,286 INFO  [Log] **************************************************************************************** 
2021-02-06 13:46:43,656 INFO  [Log] Clicked on Login Button 
2021-02-06 13:46:47,367 INFO  [Log] Entered Email 
2021-02-06 13:46:50,996 INFO  [Log] Entered Password 
2021-02-06 13:46:54,531 INFO  [Log] Clicked on submit button 
2021-02-06 13:47:00,080 INFO  [Log] Clicked on My Gallery button 
2021-02-06 13:47:03,608 INFO  [Log] AFTER scenario is started 
2021-02-06 13:47:03,608 INFO  [Log] Test scenario is in status failed 
2021-02-06 13:47:03,608 INFO  [Log] ============= 
2021-02-06 13:52:21,988 INFO  [Log] **************************************************************************************** 
2021-02-06 13:52:21,988 INFO  [Log] $$$$$$$$$$$$$$$$$$$$$$$$$$$$$$$$$$$$$$$$$$                 Find the gallery just created       $$$$$$$$$$$$$$$$$$$$$$$$$$$$$$$$$$$$$$$$$$ 
2021-02-06 13:52:21,988 INFO  [Log] **************************************************************************************** 
2021-02-06 13:52:48,386 INFO  [Log] Clicked on Login Button 
2021-02-06 13:52:51,982 INFO  [Log] Entered Email 
2021-02-06 13:52:55,548 INFO  [Log] Entered Password 
2021-02-06 13:52:59,114 INFO  [Log] Clicked on submit button 
2021-02-06 13:53:04,760 INFO  [Log] Clicked on My Gallery button 
2021-02-06 13:53:05,909 INFO  [Log] Entered words into Search bar 
2021-02-06 13:53:05,911 INFO  [Log] AFTER scenario is started 
2021-02-06 13:53:05,912 INFO  [Log] Test scenario is in status passed 
2021-02-06 13:53:05,912 INFO  [Log] ============= 
2021-02-06 13:56:34,206 INFO  [Log] **************************************************************************************** 
2021-02-06 13:56:34,207 INFO  [Log] $$$$$$$$$$$$$$$$$$$$$$$$$$$$$$$$$$$$$$$$$$                 Find the gallery just created       $$$$$$$$$$$$$$$$$$$$$$$$$$$$$$$$$$$$$$$$$$ 
2021-02-06 13:56:34,207 INFO  [Log] **************************************************************************************** 
2021-02-06 13:57:00,747 INFO  [Log] Clicked on Login Button 
2021-02-06 13:57:04,400 INFO  [Log] Entered Email 
2021-02-06 13:57:07,925 INFO  [Log] Entered Password 
2021-02-06 13:57:11,469 INFO  [Log] Clicked on submit button 
2021-02-06 13:57:17,093 INFO  [Log] Clicked on My Gallery button 
2021-02-06 13:57:18,118 INFO  [Log] Entered words into Search bar 
2021-02-06 13:57:21,658 INFO  [Log] Clicked on Filter button 
2021-02-06 13:57:21,659 INFO  [Log] AFTER scenario is started 
2021-02-06 13:57:21,659 INFO  [Log] Test scenario is in status passed 
2021-02-06 13:57:21,659 INFO  [Log] ============= 
2021-02-06 13:57:52,681 INFO  [Log] **************************************************************************************** 
2021-02-06 13:57:52,681 INFO  [Log] $$$$$$$$$$$$$$$$$$$$$$$$$$$$$$$$$$$$$$$$$$                 Find the gallery just created       $$$$$$$$$$$$$$$$$$$$$$$$$$$$$$$$$$$$$$$$$$ 
2021-02-06 13:57:52,682 INFO  [Log] **************************************************************************************** 
2021-02-06 13:58:18,986 INFO  [Log] Clicked on Login Button 
2021-02-06 13:58:22,592 INFO  [Log] Entered Email 
2021-02-06 13:58:26,178 INFO  [Log] Entered Password 
2021-02-06 13:58:29,831 INFO  [Log] Clicked on submit button 
2021-02-06 13:58:35,423 INFO  [Log] Clicked on My Gallery button 
2021-02-06 13:58:36,454 INFO  [Log] Entered words into Search bar 
2021-02-06 13:58:45,063 INFO  [Log] Clicked on Filter button 
2021-02-06 13:58:45,065 INFO  [Log] AFTER scenario is started 
2021-02-06 13:58:45,065 INFO  [Log] Test scenario is in status passed 
2021-02-06 13:58:45,066 INFO  [Log] ============= 
2021-02-06 14:00:18,269 INFO  [Log] **************************************************************************************** 
2021-02-06 14:00:18,270 INFO  [Log] $$$$$$$$$$$$$$$$$$$$$$$$$$$$$$$$$$$$$$$$$$                 Find the gallery just created       $$$$$$$$$$$$$$$$$$$$$$$$$$$$$$$$$$$$$$$$$$ 
2021-02-06 14:00:18,270 INFO  [Log] **************************************************************************************** 
2021-02-06 14:00:46,710 INFO  [Log] Clicked on Login Button 
2021-02-06 14:00:50,410 INFO  [Log] Entered Email 
2021-02-06 14:00:53,992 INFO  [Log] Entered Password 
2021-02-06 14:00:57,586 INFO  [Log] Clicked on submit button 
2021-02-06 14:01:03,143 INFO  [Log] Clicked on My Gallery button 
2021-02-06 14:01:04,086 INFO  [Log] Entered words into Search bar 
2021-02-06 14:01:12,619 INFO  [Log] Clicked on Filter button 
2021-02-06 14:01:12,622 INFO  [Log] AFTER scenario is started 
2021-02-06 14:01:12,623 INFO  [Log] Test scenario is in status passed 
2021-02-06 14:01:12,623 INFO  [Log] ============= 
2021-02-06 14:14:46,516 INFO  [Log] **************************************************************************************** 
2021-02-06 14:14:46,517 INFO  [Log] $$$$$$$$$$$$$$$$$$$$$$$$$$$$$$$$$$$$$$$$$$                 Find the incorrect gallery just created       $$$$$$$$$$$$$$$$$$$$$$$$$$$$$$$$$$$$$$$$$$ 
2021-02-06 14:14:46,517 INFO  [Log] **************************************************************************************** 
2021-02-06 14:15:13,443 INFO  [Log] Clicked on Login Button 
2021-02-06 14:15:17,055 INFO  [Log] Entered Email 
2021-02-06 14:15:20,661 INFO  [Log] Entered Password 
2021-02-06 14:15:24,232 INFO  [Log] Clicked on submit button 
2021-02-06 14:15:29,807 INFO  [Log] Clicked on My Gallery button 
2021-02-06 14:15:30,802 INFO  [Log] Entered words into Search bar 
2021-02-06 14:15:36,358 INFO  [Log] Clicked on Filter button 
2021-02-06 14:15:36,360 INFO  [Log] AFTER scenario is started 
2021-02-06 14:15:36,361 INFO  [Log] Test scenario is in status passed 
2021-02-06 14:15:36,361 INFO  [Log] ============= 
2021-02-06 14:21:38,829 INFO  [Log] **************************************************************************************** 
2021-02-06 14:21:38,830 INFO  [Log] $$$$$$$$$$$$$$$$$$$$$$$$$$$$$$$$$$$$$$$$$$                 Logout with correct email and password       $$$$$$$$$$$$$$$$$$$$$$$$$$$$$$$$$$$$$$$$$$ 
2021-02-06 14:21:38,830 INFO  [Log] **************************************************************************************** 
2021-02-06 14:22:05,111 INFO  [Log] Clicked on Login Button 
2021-02-06 14:22:08,691 INFO  [Log] Entered Email 
2021-02-06 14:22:12,350 INFO  [Log] Entered Password 
2021-02-06 14:22:15,993 INFO  [Log] Clicked on submit button 
2021-02-06 14:22:27,056 INFO  [Log] Clicked on Logout button 
2021-02-06 14:22:27,057 INFO  [Log] AFTER scenario is started 
2021-02-06 14:22:27,057 INFO  [Log] Test scenario is in status passed 
2021-02-06 14:22:27,057 INFO  [Log] ============= 
2021-02-06 14:24:17,253 INFO  [Log] **************************************************************************************** 
2021-02-06 14:24:17,254 INFO  [Log] $$$$$$$$$$$$$$$$$$$$$$$$$$$$$$$$$$$$$$$$$$                 Create new correct gallery       $$$$$$$$$$$$$$$$$$$$$$$$$$$$$$$$$$$$$$$$$$ 
2021-02-06 14:24:17,254 INFO  [Log] **************************************************************************************** 
2021-02-06 14:24:45,328 INFO  [Log] Clicked on Login Button 
2021-02-06 14:24:48,963 INFO  [Log] Entered Email 
2021-02-06 14:24:52,588 INFO  [Log] Entered Password 
2021-02-06 14:24:56,146 INFO  [Log] Clicked on submit button 
2021-02-06 14:25:01,682 INFO  [Log] Clicked on Create Gallery 
2021-02-06 14:25:05,172 INFO  [Log] Entered Title for Gallery 
2021-02-06 14:25:08,710 INFO  [Log] Entered Description for Gallery 
2021-02-06 14:25:12,474 INFO  [Log] Entered URL of image for Gallery 
2021-02-06 14:25:15,957 INFO  [Log] Clicked on submit button 
2021-02-06 14:26:23,447 INFO  [Log] **************************************************************************************** 
2021-02-06 14:26:23,448 INFO  [Log] $$$$$$$$$$$$$$$$$$$$$$$$$$$$$$$$$$$$$$$$$$                 Create new correct gallery       $$$$$$$$$$$$$$$$$$$$$$$$$$$$$$$$$$$$$$$$$$ 
2021-02-06 14:26:23,448 INFO  [Log] **************************************************************************************** 
2021-02-06 14:26:51,876 INFO  [Log] Clicked on Login Button 
2021-02-06 14:26:55,550 INFO  [Log] Entered Email 
2021-02-06 14:26:59,148 INFO  [Log] Entered Password 
2021-02-06 14:27:02,712 INFO  [Log] Clicked on submit button 
2021-02-06 14:27:08,343 INFO  [Log] Clicked on Create Gallery 
2021-02-06 14:27:11,954 INFO  [Log] Entered Title for Gallery 
2021-02-06 14:27:15,553 INFO  [Log] Entered Description for Gallery 
2021-02-06 14:27:19,291 INFO  [Log] Entered URL of image for Gallery 
2021-02-06 14:27:22,788 INFO  [Log] Clicked on submit button 
2021-02-06 14:31:45,947 INFO  [Log] **************************************************************************************** 
2021-02-06 14:31:45,948 INFO  [Log] $$$$$$$$$$$$$$$$$$$$$$$$$$$$$$$$$$$$$$$$$$                 Create new correct gallery       $$$$$$$$$$$$$$$$$$$$$$$$$$$$$$$$$$$$$$$$$$ 
2021-02-06 14:31:45,948 INFO  [Log] **************************************************************************************** 
2021-02-06 14:32:12,325 INFO  [Log] Clicked on Login Button 
2021-02-06 14:32:15,931 INFO  [Log] Entered Email 
2021-02-06 14:32:19,554 INFO  [Log] Entered Password 
2021-02-06 14:32:23,147 INFO  [Log] Clicked on submit button 
2021-02-06 14:32:28,767 INFO  [Log] Clicked on Create Gallery 
2021-02-06 14:32:32,378 INFO  [Log] Entered Title for Gallery 
2021-02-06 14:32:35,877 INFO  [Log] Entered Description for Gallery 
2021-02-06 14:32:39,632 INFO  [Log] Entered URL of image for Gallery 
2021-02-06 14:32:43,120 INFO  [Log] Clicked on submit button 
2021-02-06 14:32:48,652 INFO  [Log] Clicked on All Galleries button 
2021-02-06 14:32:48,733 INFO  [Log] Checked whether the image is present 
2021-02-06 14:32:48,734 INFO  [Log] AFTER scenario is started 
2021-02-06 14:32:48,734 INFO  [Log] Test scenario is in status passed 
2021-02-06 14:32:48,734 INFO  [Log] ============= 
2021-02-06 14:32:49,594 INFO  [Log] **************************************************************************************** 
2021-02-06 14:32:49,594 INFO  [Log] $$$$$$$$$$$$$$$$$$$$$$$$$$$$$$$$$$$$$$$$$$                 Create new incorrect gallery with missing image       $$$$$$$$$$$$$$$$$$$$$$$$$$$$$$$$$$$$$$$$$$ 
2021-02-06 14:32:49,595 INFO  [Log] **************************************************************************************** 
2021-02-06 14:33:15,599 INFO  [Log] Clicked on Login Button 
2021-02-06 14:33:19,223 INFO  [Log] Entered Email 
2021-02-06 14:33:22,778 INFO  [Log] Entered Password 
2021-02-06 14:33:26,345 INFO  [Log] Clicked on submit button 
2021-02-06 14:33:31,923 INFO  [Log] Clicked on Create Gallery 
2021-02-06 14:33:35,574 INFO  [Log] Entered Title for Gallery 
2021-02-06 14:33:39,134 INFO  [Log] Entered Description for Gallery 
2021-02-06 14:33:42,759 INFO  [Log] Entered URL of image for Gallery 
2021-02-06 14:33:46,274 INFO  [Log] Clicked on submit button 
2021-02-06 14:33:51,675 INFO  [Log] AFTER scenario is started 
2021-02-06 14:33:51,675 INFO  [Log] Test scenario is in status passed 
2021-02-06 14:33:51,675 INFO  [Log] ============= 
2021-02-06 14:33:52,533 INFO  [Log] **************************************************************************************** 
2021-02-06 14:33:52,535 INFO  [Log] $$$$$$$$$$$$$$$$$$$$$$$$$$$$$$$$$$$$$$$$$$                 Login with correct email and password       $$$$$$$$$$$$$$$$$$$$$$$$$$$$$$$$$$$$$$$$$$ 
2021-02-06 14:33:52,535 INFO  [Log] **************************************************************************************** 
2021-02-06 14:34:18,792 INFO  [Log] Clicked on Login Button 
2021-02-06 14:34:22,387 INFO  [Log] Entered Email 
2021-02-06 14:34:25,989 INFO  [Log] Entered Password 
2021-02-06 14:34:29,559 INFO  [Log] Clicked on submit button 
2021-02-06 14:34:35,000 INFO  [Log] AFTER scenario is started 
2021-02-06 14:34:35,000 INFO  [Log] Test scenario is in status passed 
2021-02-06 14:34:35,001 INFO  [Log] ============= 
2021-02-06 14:34:35,870 INFO  [Log] **************************************************************************************** 
2021-02-06 14:34:35,870 INFO  [Log] $$$$$$$$$$$$$$$$$$$$$$$$$$$$$$$$$$$$$$$$$$                 Login with incorrect email and password       $$$$$$$$$$$$$$$$$$$$$$$$$$$$$$$$$$$$$$$$$$ 
2021-02-06 14:34:35,871 INFO  [Log] **************************************************************************************** 
2021-02-06 14:35:00,052 INFO  [Log] Clicked on Login Button 
2021-02-06 14:35:03,643 INFO  [Log] Entered Email 
2021-02-06 14:35:07,219 INFO  [Log] Entered Password 
2021-02-06 14:35:10,766 INFO  [Log] Clicked on submit button 
2021-02-06 14:35:13,320 INFO  [Log] Refreshed the Page 
2021-02-06 14:35:16,883 INFO  [Log] Entered Email 
2021-02-06 14:35:20,457 INFO  [Log] Entered Password 
2021-02-06 14:35:23,936 INFO  [Log] Clicked on submit button 
2021-02-06 14:35:37,516 INFO  [Log] Received Error Message 
2021-02-06 14:35:37,517 INFO  [Log] AFTER scenario is started 
2021-02-06 14:35:37,517 INFO  [Log] Test scenario is in status passed 
2021-02-06 14:35:37,517 INFO  [Log] ============= 
2021-02-06 14:35:38,366 INFO  [Log] **************************************************************************************** 
2021-02-06 14:35:38,366 INFO  [Log] $$$$$$$$$$$$$$$$$$$$$$$$$$$$$$$$$$$$$$$$$$                 Login with empty username and password       $$$$$$$$$$$$$$$$$$$$$$$$$$$$$$$$$$$$$$$$$$ 
2021-02-06 14:35:38,366 INFO  [Log] **************************************************************************************** 
2021-02-06 14:36:02,704 INFO  [Log] Clicked on Login Button 
2021-02-06 14:36:06,195 INFO  [Log] Clicked on submit button 
2021-02-06 14:36:08,200 INFO  [Log] AFTER scenario is started 
2021-02-06 14:36:08,200 INFO  [Log] Test scenario is in status passed 
2021-02-06 14:36:08,201 INFO  [Log] ============= 
2021-02-06 14:36:09,062 INFO  [Log] **************************************************************************************** 
2021-02-06 14:36:09,062 INFO  [Log] $$$$$$$$$$$$$$$$$$$$$$$$$$$$$$$$$$$$$$$$$$                 Logout with correct email and password       $$$$$$$$$$$$$$$$$$$$$$$$$$$$$$$$$$$$$$$$$$ 
2021-02-06 14:36:09,062 INFO  [Log] **************************************************************************************** 
2021-02-06 14:36:34,785 INFO  [Log] Clicked on Login Button 
2021-02-06 14:36:38,385 INFO  [Log] Entered Email 
2021-02-06 14:36:41,913 INFO  [Log] Entered Password 
2021-02-06 14:36:45,486 INFO  [Log] Clicked on submit button 
2021-02-06 14:36:56,524 INFO  [Log] Clicked on Logout button 
2021-02-06 14:36:56,526 INFO  [Log] AFTER scenario is started 
2021-02-06 14:36:56,527 INFO  [Log] Test scenario is in status passed 
2021-02-06 14:36:56,527 INFO  [Log] ============= 
2021-02-06 14:36:57,396 INFO  [Log] **************************************************************************************** 
2021-02-06 14:36:57,396 INFO  [Log] $$$$$$$$$$$$$$$$$$$$$$$$$$$$$$$$$$$$$$$$$$                 Find the correct gallery just created       $$$$$$$$$$$$$$$$$$$$$$$$$$$$$$$$$$$$$$$$$$ 
2021-02-06 14:36:57,396 INFO  [Log] **************************************************************************************** 
2021-02-06 14:37:21,214 INFO  [Log] Clicked on Login Button 
2021-02-06 14:37:24,728 INFO  [Log] Entered Email 
2021-02-06 14:37:28,283 INFO  [Log] Entered Password 
2021-02-06 14:37:31,755 INFO  [Log] Clicked on submit button 
2021-02-06 14:37:37,369 INFO  [Log] Clicked on My Gallery button 
2021-02-06 14:37:38,373 INFO  [Log] Entered words into Search bar 
2021-02-06 14:37:43,884 INFO  [Log] Clicked on Filter button 
2021-02-06 14:37:43,884 INFO  [Log] AFTER scenario is started 
2021-02-06 14:37:43,884 INFO  [Log] Test scenario is in status passed 
2021-02-06 14:37:43,884 INFO  [Log] ============= 
2021-02-06 14:37:44,830 INFO  [Log] **************************************************************************************** 
2021-02-06 14:37:44,830 INFO  [Log] $$$$$$$$$$$$$$$$$$$$$$$$$$$$$$$$$$$$$$$$$$                 Find the incorrect gallery just created       $$$$$$$$$$$$$$$$$$$$$$$$$$$$$$$$$$$$$$$$$$ 
2021-02-06 14:37:44,830 INFO  [Log] **************************************************************************************** 
2021-02-06 14:38:07,840 INFO  [Log] AFTER scenario is started 
2021-02-06 14:38:07,840 INFO  [Log] Test scenario is in status failed 
2021-02-06 14:38:07,840 INFO  [Log] ============= 
2021-02-06 14:40:32,987 INFO  [Log] **************************************************************************************** 
2021-02-06 14:40:32,988 INFO  [Log] $$$$$$$$$$$$$$$$$$$$$$$$$$$$$$$$$$$$$$$$$$                 Find the incorrect gallery just created       $$$$$$$$$$$$$$$$$$$$$$$$$$$$$$$$$$$$$$$$$$ 
2021-02-06 14:40:32,988 INFO  [Log] **************************************************************************************** 
2021-02-06 14:41:01,231 INFO  [Log] Clicked on Login Button 
2021-02-06 14:41:04,863 INFO  [Log] Entered Email 
2021-02-06 14:41:08,525 INFO  [Log] Entered Password 
2021-02-06 14:41:12,079 INFO  [Log] Clicked on submit button 
2021-02-06 14:41:17,478 INFO  [Log] Clicked on My Gallery button 
2021-02-06 14:41:18,773 INFO  [Log] Entered words into Search bar 
2021-02-06 14:41:24,261 INFO  [Log] Clicked on Filter button 
2021-02-06 14:41:24,264 INFO  [Log] AFTER scenario is started 
2021-02-06 14:41:24,264 INFO  [Log] Test scenario is in status passed 
2021-02-06 14:41:24,264 INFO  [Log] ============= 
2021-02-06 14:44:17,922 INFO  [Log] **************************************************************************************** 
2021-02-06 14:44:17,923 INFO  [Log] $$$$$$$$$$$$$$$$$$$$$$$$$$$$$$$$$$$$$$$$$$                 Create new correct gallery       $$$$$$$$$$$$$$$$$$$$$$$$$$$$$$$$$$$$$$$$$$ 
2021-02-06 14:44:17,923 INFO  [Log] **************************************************************************************** 
2021-02-06 14:44:46,231 INFO  [Log] Clicked on Login Button 
2021-02-06 14:44:49,760 INFO  [Log] Entered Email 
2021-02-06 14:44:53,346 INFO  [Log] Entered Password 
2021-02-06 14:44:56,954 INFO  [Log] Clicked on submit button 
2021-02-06 14:45:02,554 INFO  [Log] Clicked on Create Gallery 
2021-02-06 14:45:06,138 INFO  [Log] Entered Title for Gallery 
2021-02-06 14:45:09,658 INFO  [Log] Entered Description for Gallery 
2021-02-06 14:45:13,451 INFO  [Log] Entered URL of image for Gallery 
2021-02-06 14:45:16,917 INFO  [Log] Clicked on submit button 
2021-02-06 14:45:22,453 INFO  [Log] Clicked on All Galleries button 
2021-02-06 14:45:22,539 INFO  [Log] Checked whether the image is present 
2021-02-06 14:45:22,540 INFO  [Log] AFTER scenario is started 
2021-02-06 14:45:22,540 INFO  [Log] Test scenario is in status passed 
2021-02-06 14:45:22,540 INFO  [Log] ============= 
2021-02-06 14:45:23,387 INFO  [Log] **************************************************************************************** 
2021-02-06 14:45:23,387 INFO  [Log] $$$$$$$$$$$$$$$$$$$$$$$$$$$$$$$$$$$$$$$$$$                 Create new incorrect gallery with missing image       $$$$$$$$$$$$$$$$$$$$$$$$$$$$$$$$$$$$$$$$$$ 
2021-02-06 14:45:23,387 INFO  [Log] **************************************************************************************** 
2021-02-06 14:45:47,644 INFO  [Log] Clicked on Login Button 
2021-02-06 14:45:51,263 INFO  [Log] Entered Email 
2021-02-06 14:45:54,778 INFO  [Log] Entered Password 
2021-02-06 14:45:58,280 INFO  [Log] Clicked on submit button 
2021-02-06 14:46:03,926 INFO  [Log] Clicked on Create Gallery 
2021-02-06 14:46:07,512 INFO  [Log] Entered Title for Gallery 
2021-02-06 14:46:10,951 INFO  [Log] Entered Description for Gallery 
2021-02-06 14:46:14,565 INFO  [Log] Entered URL of image for Gallery 
2021-02-06 14:46:18,122 INFO  [Log] Clicked on submit button 
2021-02-06 14:46:23,545 INFO  [Log] AFTER scenario is started 
2021-02-06 14:46:23,546 INFO  [Log] Test scenario is in status passed 
2021-02-06 14:46:23,546 INFO  [Log] ============= 
2021-02-06 14:46:24,402 INFO  [Log] **************************************************************************************** 
2021-02-06 14:46:24,402 INFO  [Log] $$$$$$$$$$$$$$$$$$$$$$$$$$$$$$$$$$$$$$$$$$                 Login with correct email and password       $$$$$$$$$$$$$$$$$$$$$$$$$$$$$$$$$$$$$$$$$$ 
2021-02-06 14:46:24,402 INFO  [Log] **************************************************************************************** 
2021-02-06 14:46:48,478 INFO  [Log] Clicked on Login Button 
2021-02-06 14:46:52,160 INFO  [Log] Entered Email 
2021-02-06 14:46:55,757 INFO  [Log] Entered Password 
2021-02-06 14:46:59,315 INFO  [Log] Clicked on submit button 
2021-02-06 14:47:04,789 INFO  [Log] AFTER scenario is started 
2021-02-06 14:47:04,789 INFO  [Log] Test scenario is in status passed 
2021-02-06 14:47:04,789 INFO  [Log] ============= 
2021-02-06 14:47:05,637 INFO  [Log] **************************************************************************************** 
2021-02-06 14:47:05,637 INFO  [Log] $$$$$$$$$$$$$$$$$$$$$$$$$$$$$$$$$$$$$$$$$$                 Login with incorrect email and password       $$$$$$$$$$$$$$$$$$$$$$$$$$$$$$$$$$$$$$$$$$ 
2021-02-06 14:47:05,637 INFO  [Log] **************************************************************************************** 
2021-02-06 14:47:32,094 INFO  [Log] Clicked on Login Button 
2021-02-06 14:47:35,687 INFO  [Log] Entered Email 
2021-02-06 14:47:39,235 INFO  [Log] Entered Password 
2021-02-06 14:47:42,749 INFO  [Log] Clicked on submit button 
2021-02-06 14:47:45,271 INFO  [Log] Refreshed the Page 
2021-02-06 14:47:48,851 INFO  [Log] Entered Email 
2021-02-06 14:47:52,391 INFO  [Log] Entered Password 
2021-02-06 14:47:55,927 INFO  [Log] Clicked on submit button 
2021-02-06 14:48:09,429 INFO  [Log] Received Error Message 
2021-02-06 14:48:09,429 INFO  [Log] AFTER scenario is started 
2021-02-06 14:48:09,429 INFO  [Log] Test scenario is in status passed 
2021-02-06 14:48:09,429 INFO  [Log] ============= 
2021-02-06 14:48:10,303 INFO  [Log] **************************************************************************************** 
2021-02-06 14:48:10,305 INFO  [Log] $$$$$$$$$$$$$$$$$$$$$$$$$$$$$$$$$$$$$$$$$$                 Login with empty username and password       $$$$$$$$$$$$$$$$$$$$$$$$$$$$$$$$$$$$$$$$$$ 
2021-02-06 14:48:10,305 INFO  [Log] **************************************************************************************** 
2021-02-06 14:48:34,400 INFO  [Log] Clicked on Login Button 
2021-02-06 14:48:37,955 INFO  [Log] Clicked on submit button 
2021-02-06 14:48:39,971 INFO  [Log] AFTER scenario is started 
2021-02-06 14:48:39,971 INFO  [Log] Test scenario is in status passed 
2021-02-06 14:48:39,971 INFO  [Log] ============= 
2021-02-06 14:48:40,827 INFO  [Log] **************************************************************************************** 
2021-02-06 14:48:40,827 INFO  [Log] $$$$$$$$$$$$$$$$$$$$$$$$$$$$$$$$$$$$$$$$$$                 Logout with correct email and password       $$$$$$$$$$$$$$$$$$$$$$$$$$$$$$$$$$$$$$$$$$ 
2021-02-06 14:48:40,827 INFO  [Log] **************************************************************************************** 
2021-02-06 14:49:04,879 INFO  [Log] Clicked on Login Button 
2021-02-06 14:49:08,490 INFO  [Log] Entered Email 
2021-02-06 14:49:12,043 INFO  [Log] Entered Password 
2021-02-06 14:49:15,635 INFO  [Log] Clicked on submit button 
2021-02-06 14:49:26,619 INFO  [Log] Clicked on Logout button 
2021-02-06 14:49:26,623 INFO  [Log] AFTER scenario is started 
2021-02-06 14:49:26,623 INFO  [Log] Test scenario is in status passed 
2021-02-06 14:49:26,623 INFO  [Log] ============= 
2021-02-06 14:49:27,475 INFO  [Log] **************************************************************************************** 
2021-02-06 14:49:27,475 INFO  [Log] $$$$$$$$$$$$$$$$$$$$$$$$$$$$$$$$$$$$$$$$$$                 Find the correct gallery just created       $$$$$$$$$$$$$$$$$$$$$$$$$$$$$$$$$$$$$$$$$$ 
2021-02-06 14:49:27,476 INFO  [Log] **************************************************************************************** 
2021-02-06 14:49:53,409 INFO  [Log] Clicked on Login Button 
2021-02-06 14:49:57,019 INFO  [Log] Entered Email 
2021-02-06 14:50:00,568 INFO  [Log] Entered Password 
2021-02-06 14:50:04,094 INFO  [Log] Clicked on submit button 
2021-02-06 14:50:09,659 INFO  [Log] Clicked on My Gallery button 
2021-02-06 14:50:10,752 INFO  [Log] Entered words into Search bar 
2021-02-06 14:50:16,231 INFO  [Log] Clicked on Filter button 
2021-02-06 14:50:16,232 INFO  [Log] AFTER scenario is started 
2021-02-06 14:50:16,232 INFO  [Log] Test scenario is in status passed 
2021-02-06 14:50:16,232 INFO  [Log] ============= 
2021-02-06 14:50:17,076 INFO  [Log] **************************************************************************************** 
2021-02-06 14:50:17,077 INFO  [Log] $$$$$$$$$$$$$$$$$$$$$$$$$$$$$$$$$$$$$$$$$$                 Find the incorrect gallery just created       $$$$$$$$$$$$$$$$$$$$$$$$$$$$$$$$$$$$$$$$$$ 
2021-02-06 14:50:17,077 INFO  [Log] **************************************************************************************** 
2021-02-06 14:50:41,238 INFO  [Log] Clicked on Login Button 
2021-02-06 14:50:44,807 INFO  [Log] Entered Email 
2021-02-06 14:50:48,378 INFO  [Log] Entered Password 
2021-02-06 14:50:51,879 INFO  [Log] Clicked on submit button 
2021-02-06 14:50:57,450 INFO  [Log] Clicked on My Gallery button 
2021-02-06 14:50:58,653 INFO  [Log] Entered words into Search bar 
2021-02-06 14:51:04,171 INFO  [Log] Clicked on Filter button 
2021-02-06 14:51:04,172 INFO  [Log] AFTER scenario is started 
2021-02-06 14:51:04,172 INFO  [Log] Test scenario is in status passed 
2021-02-06 14:51:04,172 INFO  [Log] ============= 
